<?xml version="1.0" encoding="UTF-8"?>
<testng-results skipped="0" failed="0" ignored="0" total="1" passed="1">
  <reporter-output>
  </reporter-output>
  <suite name="Default suite" duration-ms="10725" started-at="2020-09-25T19:27:20 IST" finished-at="2020-09-25T19:27:31 IST">
    <groups>
    </groups>
    <test name="Default test" duration-ms="10725" started-at="2020-09-25T19:27:20 IST" finished-at="2020-09-25T19:27:31 IST">
      <class name="Git_Actions.Launch">
        <test-method status="PASS" signature="setup()[pri:0, instance:Git_Actions.Launch@72f8ae0c]" name="setup" is-config="true" duration-ms="10533" started-at="2020-09-25T19:27:20 IST" finished-at="2020-09-25T19:27:31 IST">
          <reporter-output>
          </reporter-output>
        </test-method> <!-- setup -->
        <test-method status="PASS" signature="sampleTest()[pri:0, instance:Git_Actions.Launch@72f8ae0c]" name="sampleTest" duration-ms="16" started-at="2020-09-25T19:27:31 IST" finished-at="2020-09-25T19:27:31 IST">
          <reporter-output>
          </reporter-output>
        </test-method> <!-- sampleTest -->
      </class> <!-- Git_Actions.Launch -->
    </test> <!-- Default test -->
  </suite> <!-- Default suite -->
</testng-results>
